<?xml version="1.0" encoding="UTF-8"?>
<!-- Generated by org.testng.reporters.JUnitXMLReporter -->
<testsuite hostname="SEW-APAC-619" ignored="0" name="Test" tests="5" failures="0" timestamp="10 Aug 2021 13:07:34 GMT" time="223.541" errors="0">
  <testcase name="feature" time="36.032" classname="runner.TestRunner"/>
  <testcase name="feature" time="8.618" classname="runner.TestRunner"/>
  <testcase name="feature" time="6.263" classname="runner.TestRunner"/>
  <testcase name="feature" time="16.782" classname="runner.TestRunner"/>
  <testcase name="feature" time="123.071" classname="runner.TestRunner"/>
</testsuite> <!-- Test -->
