<?xml version="1.0" encoding="UTF-8"?>
<!-- Generated by org.testng.reporters.JUnitXMLReporter -->
<testsuite hostname="SEW-APAC-619" ignored="0" name="Test" tests="5" failures="0" timestamp="09 Aug 2021 06:38:43 GMT" time="81.553" errors="0">
  <testcase name="feature" time="16.031" classname="runner.TestRunner"/>
  <testcase name="feature" time="4.452" classname="runner.TestRunner"/>
  <testcase name="feature" time="3.811" classname="runner.TestRunner"/>
  <testcase name="feature" time="6.298" classname="runner.TestRunner"/>
  <testcase name="feature" time="43.187" classname="runner.TestRunner"/>
</testsuite> <!-- Test -->
