<?xml version="1.0" encoding="UTF-8"?>
<testsuite xmlns:xsi="http://www.w3.org/2001/XMLSchema-instance" xsi:noNamespaceSchemaLocation="https://maven.apache.org/surefire/maven-surefire-plugin/xsd/surefire-test-report.xsd" name="TestSuite" time="84.675" tests="5" errors="0" skipped="0" failures="0">
  <properties>
[...]
</properties>
  <testcase name="feature" classname="runner.TestRunner" time="16.034"/>
  <testcase name="feature" classname="runner.TestRunner" time="4.452"/>
  <testcase name="feature" classname="runner.TestRunner" time="3.811"/>
  <testcase name="feature" classname="runner.TestRunner" time="6.298"/>
  <testcase name="feature" classname="runner.TestRunner" time="43.188"/>
</testsuite>